2016-11-02 17:27:14 - PHP Warning:  mail(): Failed to connect to mailserver at &quot;localhost&quot; port 25, verify your &quot;SMTP&quot; and &quot;smtp_port&quot; setting in php.ini or use ini_set() in C:\wamp\www\shopO\system\library\mail.php on line 164
2016-11-02 17:31:20 - PHP Notice:  Undefined index: customer in C:\wamp\www\shopO\index.php on line 197
2016-11-02 17:31:40 - PHP Notice:  Undefined index: guest in C:\wamp\www\shopO\index.php on line 197
2016-11-02 17:31:50 - PHP Notice:  Undefined index: guest in C:\wamp\www\shopO\index.php on line 197
2016-11-02 17:31:53 - PHP Notice:  Undefined index: customer_group_id in C:\wamp\www\shopO\index.php on line 197
2016-11-02 17:32:16 - PHP Notice:  Undefined index: customer in C:\wamp\www\shopO\index.php on line 260
2016-11-02 17:32:32 - PHP Notice:  Undefined index: success in C:\wamp\www\shopO\index.php on line 260
2016-11-02 17:32:52 - PHP Notice:  Undefined index: guest in C:\wamp\www\shopO\index.php on line 260
2016-11-02 17:33:00 - PHP Notice:  Undefined index: guest in C:\wamp\www\shopO\index.php on line 260
2016-11-02 17:33:02 - PHP Notice:  Undefined index: guest in C:\wamp\www\shopO\index.php on line 260
2016-11-02 17:33:40 - PHP Notice:  Undefined index: guest in C:\wamp\www\shopO\index.php on line 260
2016-11-02 17:33:41 - PHP Notice:  Undefined index: guest in C:\wamp\www\shopO\index.php on line 260
2016-11-02 17:33:41 - PHP Notice:  Undefined index: guest in C:\wamp\www\shopO\index.php on line 260
2016-11-02 17:33:42 - PHP Notice:  Undefined index: guest in C:\wamp\www\shopO\index.php on line 260
2016-11-02 17:33:42 - PHP Notice:  Undefined index: guest in C:\wamp\www\shopO\index.php on line 260
2016-11-02 17:38:51 - PHP Unknown:  Object of class Session could not be converted to string in C:\wamp\www\shopO\index.php on line 260
2016-11-02 17:39:08 - PHP Notice:  Array to string conversion in C:\wamp\www\shopO\index.php on line 260
2016-11-02 17:39:09 - PHP Notice:  Array to string conversion in C:\wamp\www\shopO\index.php on line 260
2016-11-02 17:40:01 - PHP Unknown:  Object of class Session could not be converted to string in C:\wamp\www\shopO\index.php on line 261
2016-11-02 17:41:52 - PHP Notice:  Array to string conversion in C:\wamp\www\shopO\index.php on line 261
2016-11-02 17:42:07 - PHP Notice:  Array to string conversion in C:\wamp\www\shopO\index.php on line 261
2016-11-02 17:42:19 - PHP Notice:  Array to string conversion in C:\wamp\www\shopO\index.php on line 261
2016-11-02 17:42:33 - PHP Notice:  Array to string conversion in C:\wamp\www\shopO\index.php on line 261
2016-11-02 17:42:35 - PHP Notice:  Array to string conversion in C:\wamp\www\shopO\index.php on line 261
2016-11-02 17:42:55 - PHP Notice:  Array to string conversion in C:\wamp\www\shopO\index.php on line 261
